Flow report for plytka_ps2
Sun Mar 20 12:42:26 2022
Quartus II 32-bit Version 11.1 Build 259 01/25/2012 Service Pack 2 SJ Web Edition


---------------------
; Table of Contents ;
---------------------
  1. Legal Notice
  2. Flow Summary
  3. Flow Settings
  4. Flow Non-Default Global Settings
  5. Flow Elapsed Time
  6. Flow OS Summary
  7. Flow Log



----------------
; Legal Notice ;
----------------
Copyright (C) 1991-2011 Altera Corporation
Your use of Altera Corporation's design tools, logic functions 
and other software and tools, and its AMPP partner logic 
functions, and any output files from any of the foregoing 
(including device programming or simulation files), and any 
associated documentation or information are expressly subject 
to the terms and conditions of the Altera Program License 
Subscription Agreement, Altera MegaCore Function License 
Agreement, or other applicable license agreement, including, 
without limitation, that your use is for the sole purpose of 
programming logic devices manufactured by Altera and sold by 
Altera or its authorized distributors.  Please refer to the 
applicable agreement for further details.



+------------------------------------------------------------------------------------+
; Flow Summary                                                                       ;
+------------------------------------+-----------------------------------------------+
; Flow Status                        ; Successful - Sun Mar 20 12:42:26 2022         ;
; Quartus II 32-bit Version          ; 11.1 Build 259 01/25/2012 SP 2 SJ Web Edition ;
; Revision Name                      ; plytka_ps2                                    ;
; Top-level Entity Name              ; schemat_plytka_ps2                            ;
; Family                             ; Cyclone IV E                                  ;
; Device                             ; EP4CE115F29C7                                 ;
; Timing Models                      ; Final                                         ;
; Total logic elements               ; 157 / 114,480 ( < 1 % )                       ;
;     Total combinational functions  ; 157 / 114,480 ( < 1 % )                       ;
;     Dedicated logic registers      ; 48 / 114,480 ( < 1 % )                        ;
; Total registers                    ; 48                                            ;
; Total pins                         ; 18 / 529 ( 3 % )                              ;
; Total virtual pins                 ; 0                                             ;
; Total memory bits                  ; 0 / 3,981,312 ( 0 % )                         ;
; Embedded Multiplier 9-bit elements ; 0 / 532 ( 0 % )                               ;
; Total PLLs                         ; 0 / 4 ( 0 % )                                 ;
+------------------------------------+-----------------------------------------------+


+-----------------------------------------+
; Flow Settings                           ;
+-------------------+---------------------+
; Option            ; Setting             ;
+-------------------+---------------------+
; Start date & time ; 03/20/2022 12:41:52 ;
; Main task         ; Compilation         ;
; Revision Name     ; plytka_ps2          ;
+-------------------+---------------------+


+-------------------------------------------------------------------------------------------------------------------------------+
; Flow Non-Default Global Settings                                                                                              ;
+-------------------------------------+---------------------------------------+---------------+--------------------+------------+
; Assignment Name                     ; Value                                 ; Default Value ; Entity Name        ; Section Id ;
+-------------------------------------+---------------------------------------+---------------+--------------------+------------+
; COMPILER_SIGNATURE_ID               ; 273440549544645.164777651103328       ; --            ; --                 ; --         ;
; MAX_CORE_JUNCTION_TEMP              ; 85                                    ; --            ; --                 ; --         ;
; MIN_CORE_JUNCTION_TEMP              ; 0                                     ; --            ; --                 ; --         ;
; PARTITION_COLOR                     ; 16764057                              ; --            ; Block1             ; Top        ;
; PARTITION_COLOR                     ; 16764057                              ; --            ; schemat_plytka_ps2 ; Top        ;
; PARTITION_FITTER_PRESERVATION_LEVEL ; PLACEMENT_AND_ROUTING                 ; --            ; Block1             ; Top        ;
; PARTITION_FITTER_PRESERVATION_LEVEL ; PLACEMENT_AND_ROUTING                 ; --            ; schemat_plytka_ps2 ; Top        ;
; PARTITION_NETLIST_TYPE              ; SOURCE                                ; --            ; Block1             ; Top        ;
; PARTITION_NETLIST_TYPE              ; SOURCE                                ; --            ; schemat_plytka_ps2 ; Top        ;
; POWER_BOARD_THERMAL_MODEL           ; None (CONSERVATIVE)                   ; --            ; --                 ; --         ;
; POWER_PRESET_COOLING_SOLUTION       ; 23 MM HEAT SINK WITH 200 LFPM AIRFLOW ; --            ; --                 ; --         ;
; TOP_LEVEL_ENTITY                    ; schemat_plytka_ps2                    ; plytka_ps2    ; --                 ; --         ;
+-------------------------------------+---------------------------------------+---------------+--------------------+------------+


+-------------------------------------------------------------------------------------------------------------------------------+
; Flow Elapsed Time                                                                                                             ;
+---------------------------+--------------+-------------------------+---------------------+------------------------------------+
; Module Name               ; Elapsed Time ; Average Processors Used ; Peak Virtual Memory ; Total CPU Time (on all processors) ;
+---------------------------+--------------+-------------------------+---------------------+------------------------------------+
; Analysis & Synthesis      ; 00:00:06     ; 1.0                     ; 329 MB              ; 00:00:04                           ;
; Fitter                    ; 00:00:17     ; 1.0                     ; 524 MB              ; 00:00:15                           ;
; TimeQuest Timing Analyzer ; 00:00:06     ; 1.0                     ; 357 MB              ; 00:00:03                           ;
; Assembler                 ; 00:00:06     ; 1.0                     ; 511 MB              ; 00:00:06                           ;
; Total                     ; 00:00:35     ; --                      ; --                  ; 00:00:28                           ;
+---------------------------+--------------+-------------------------+---------------------+------------------------------------+


+----------------------------------------------------------------------------------------+
; Flow OS Summary                                                                        ;
+---------------------------+------------------+-----------+------------+----------------+
; Module Name               ; Machine Hostname ; OS Name   ; OS Version ; Processor type ;
+---------------------------+------------------+-----------+------------+----------------+
; Analysis & Synthesis      ; DESKTOP-EALR50L  ; Windows 7 ; 6.2        ; x86_64         ;
; Fitter                    ; DESKTOP-EALR50L  ; Windows 7 ; 6.2        ; x86_64         ;
; TimeQuest Timing Analyzer ; DESKTOP-EALR50L  ; Windows 7 ; 6.2        ; x86_64         ;
; Assembler                 ; DESKTOP-EALR50L  ; Windows 7 ; 6.2        ; x86_64         ;
+---------------------------+------------------+-----------+------------+----------------+


------------
; Flow Log ;
------------
quartus_map --read_settings_files=on --write_settings_files=off plytka_ps2 -c plytka_ps2
quartus_fit --read_settings_files=off --write_settings_files=off plytka_ps2 -c plytka_ps2
quartus_sta plytka_ps2 -c plytka_ps2
quartus_asm --read_settings_files=off --write_settings_files=off plytka_ps2 -c plytka_ps2



